ERROR [AWT-EventQueue-0] 2015-02-13 17:21:21,049 repast.simphony.ui.RSApplication - Scenario Load Error
repast.simphony.scenario.ScenarioLoadException
	at repast.simphony.scenario.ScenarioLoader.load(ScenarioLoader.java:220)
	at repast.simphony.ui.RSApplication.open(RSApplication.java:353)
	at repast.simphony.ui.RSAppConfigurator.postWindowOpen(RSAppConfigurator.java:39)
	at saf.core.ui.GUICreatorDelegate.runDisplay(GUICreatorDelegate.java:188)
	at saf.core.ui.GUICreator$1.run(GUICreator.java:18)
	at simphony.util.ThreadUtilities$Runner.run(ThreadUtilities.java:33)
	at simphony.util.ThreadUtilities.runInEventThread(ThreadUtilities.java:47)
	at saf.core.ui.GUICreator.runDisplay(GUICreator.java:16)
	at repast.simphony.ui.RSUIPlugin$1.run(RSUIPlugin.java:104)
	at java.awt.event.InvocationEvent.dispatch(InvocationEvent.java:251)
	at java.awt.EventQueue.dispatchEventImpl(EventQueue.java:733)
	at java.awt.EventQueue.access$200(EventQueue.java:103)
	at java.awt.EventQueue$3.run(EventQueue.java:694)
	at java.awt.EventQueue$3.run(EventQueue.java:692)
	at java.security.AccessController.doPrivileged(Native Method)
	at java.security.ProtectionDomain$1.doIntersectionPrivilege(ProtectionDomain.java:76)
	at java.awt.EventQueue.dispatchEvent(EventQueue.java:703)
	at java.awt.EventDispatchThread.pumpOneEventForFilters(EventDispatchThread.java:242)
	at java.awt.EventDispatchThread.pumpEventsForFilter(EventDispatchThread.java:161)
	at java.awt.EventDispatchThread.pumpEventsForHierarchy(EventDispatchThread.java:150)
	at java.awt.EventDispatchThread.pumpEvents(EventDispatchThread.java:146)
	at java.awt.EventDispatchThread.pumpEvents(EventDispatchThread.java:138)
	at java.awt.EventDispatchThread.run(EventDispatchThread.java:91)
Caused by: java.lang.NullPointerException
	at repast.simphony.dataLoader.engine.ContextXMLBuilder.<init>(ContextXMLBuilder.java:32)
	at repast.simphony.dataLoader.engine.MIContextXMLBuilder.<init>(MIContextXMLBuilder.java:28)
	at repast.simphony.dataLoader.engine.MIContextXMLDataLoaderAction.<init>(MIContextXMLDataLoaderAction.java:53)
	at repast.simphony.dataLoader.engine.MIContextXMLDataLoaderControllerActionIO$ScoreActionLoader.loadAction(MIContextXMLDataLoaderControllerActionIO.java:38)
	at repast.simphony.scenario.ScenarioFileLoader.createActions(ScenarioFileLoader.java:90)
	at repast.simphony.scenario.ScenarioFileLoader.load(ScenarioFileLoader.java:66)
	at repast.simphony.scenario.ScenarioLoader.load(ScenarioLoader.java:193)
	... 22 more
ERROR [AWT-EventQueue-0] 2015-02-13 17:25:43,933 repast.simphony.ui.RSApplication - Scenario Load Error
repast.simphony.scenario.ScenarioLoadException
	at repast.simphony.scenario.ScenarioLoader.load(ScenarioLoader.java:220)
	at repast.simphony.ui.RSApplication.open(RSApplication.java:353)
	at repast.simphony.ui.RSAppConfigurator.postWindowOpen(RSAppConfigurator.java:39)
	at saf.core.ui.GUICreatorDelegate.runDisplay(GUICreatorDelegate.java:188)
	at saf.core.ui.GUICreator$1.run(GUICreator.java:18)
	at simphony.util.ThreadUtilities$Runner.run(ThreadUtilities.java:33)
	at simphony.util.ThreadUtilities.runInEventThread(ThreadUtilities.java:47)
	at saf.core.ui.GUICreator.runDisplay(GUICreator.java:16)
	at repast.simphony.ui.RSUIPlugin$1.run(RSUIPlugin.java:104)
	at java.awt.event.InvocationEvent.dispatch(InvocationEvent.java:251)
	at java.awt.EventQueue.dispatchEventImpl(EventQueue.java:733)
	at java.awt.EventQueue.access$200(EventQueue.java:103)
	at java.awt.EventQueue$3.run(EventQueue.java:694)
	at java.awt.EventQueue$3.run(EventQueue.java:692)
	at java.security.AccessController.doPrivileged(Native Method)
	at java.security.ProtectionDomain$1.doIntersectionPrivilege(ProtectionDomain.java:76)
	at java.awt.EventQueue.dispatchEvent(EventQueue.java:703)
	at java.awt.EventDispatchThread.pumpOneEventForFilters(EventDispatchThread.java:242)
	at java.awt.EventDispatchThread.pumpEventsForFilter(EventDispatchThread.java:161)
	at java.awt.EventDispatchThread.pumpEventsForHierarchy(EventDispatchThread.java:150)
	at java.awt.EventDispatchThread.pumpEvents(EventDispatchThread.java:146)
	at java.awt.EventDispatchThread.pumpEvents(EventDispatchThread.java:138)
	at java.awt.EventDispatchThread.run(EventDispatchThread.java:91)
Caused by: java.lang.NullPointerException
	at repast.simphony.dataLoader.engine.ContextXMLBuilder.<init>(ContextXMLBuilder.java:32)
	at repast.simphony.dataLoader.engine.MIContextXMLBuilder.<init>(MIContextXMLBuilder.java:28)
	at repast.simphony.dataLoader.engine.MIContextXMLDataLoaderAction.<init>(MIContextXMLDataLoaderAction.java:53)
	at repast.simphony.dataLoader.engine.MIContextXMLDataLoaderControllerActionIO$ScoreActionLoader.loadAction(MIContextXMLDataLoaderControllerActionIO.java:38)
	at repast.simphony.scenario.ScenarioFileLoader.createActions(ScenarioFileLoader.java:90)
	at repast.simphony.scenario.ScenarioFileLoader.load(ScenarioFileLoader.java:66)
	at repast.simphony.scenario.ScenarioLoader.load(ScenarioLoader.java:193)
	... 22 more
ERROR [AWT-EventQueue-0] 2015-02-13 17:31:15,890 repast.simphony.ui.RSApplication - Scenario Load Error
repast.simphony.scenario.ScenarioLoadException
	at repast.simphony.scenario.ScenarioLoader.load(ScenarioLoader.java:220)
	at repast.simphony.ui.RSApplication.open(RSApplication.java:353)
	at repast.simphony.ui.RSAppConfigurator.postWindowOpen(RSAppConfigurator.java:39)
	at saf.core.ui.GUICreatorDelegate.runDisplay(GUICreatorDelegate.java:188)
	at saf.core.ui.GUICreator$1.run(GUICreator.java:18)
	at simphony.util.ThreadUtilities$Runner.run(ThreadUtilities.java:33)
	at simphony.util.ThreadUtilities.runInEventThread(ThreadUtilities.java:47)
	at saf.core.ui.GUICreator.runDisplay(GUICreator.java:16)
	at repast.simphony.ui.RSUIPlugin$1.run(RSUIPlugin.java:104)
	at java.awt.event.InvocationEvent.dispatch(InvocationEvent.java:251)
	at java.awt.EventQueue.dispatchEventImpl(EventQueue.java:733)
	at java.awt.EventQueue.access$200(EventQueue.java:103)
	at java.awt.EventQueue$3.run(EventQueue.java:694)
	at java.awt.EventQueue$3.run(EventQueue.java:692)
	at java.security.AccessController.doPrivileged(Native Method)
	at java.security.ProtectionDomain$1.doIntersectionPrivilege(ProtectionDomain.java:76)
	at java.awt.EventQueue.dispatchEvent(EventQueue.java:703)
	at java.awt.EventDispatchThread.pumpOneEventForFilters(EventDispatchThread.java:242)
	at java.awt.EventDispatchThread.pumpEventsForFilter(EventDispatchThread.java:161)
	at java.awt.EventDispatchThread.pumpEventsForHierarchy(EventDispatchThread.java:150)
	at java.awt.EventDispatchThread.pumpEvents(EventDispatchThread.java:146)
	at java.awt.EventDispatchThread.pumpEvents(EventDispatchThread.java:138)
	at java.awt.EventDispatchThread.run(EventDispatchThread.java:91)
Caused by: java.lang.NullPointerException
	at repast.simphony.dataLoader.engine.ContextXMLBuilder.<init>(ContextXMLBuilder.java:32)
	at repast.simphony.dataLoader.engine.MIContextXMLBuilder.<init>(MIContextXMLBuilder.java:28)
	at repast.simphony.dataLoader.engine.MIContextXMLDataLoaderAction.<init>(MIContextXMLDataLoaderAction.java:53)
	at repast.simphony.dataLoader.engine.MIContextXMLDataLoaderControllerActionIO$ScoreActionLoader.loadAction(MIContextXMLDataLoaderControllerActionIO.java:38)
	at repast.simphony.scenario.ScenarioFileLoader.createActions(ScenarioFileLoader.java:90)
	at repast.simphony.scenario.ScenarioFileLoader.load(ScenarioFileLoader.java:66)
	at repast.simphony.scenario.ScenarioLoader.load(ScenarioLoader.java:193)
	... 22 more
ERROR [AWT-EventQueue-0] 2015-02-13 17:33:15,125 repast.simphony.ui.RSApplication - Scenario Load Error
repast.simphony.scenario.ScenarioLoadException
	at repast.simphony.scenario.ScenarioLoader.load(ScenarioLoader.java:220)
	at repast.simphony.ui.RSApplication.open(RSApplication.java:353)
	at repast.simphony.ui.RSAppConfigurator.postWindowOpen(RSAppConfigurator.java:39)
	at saf.core.ui.GUICreatorDelegate.runDisplay(GUICreatorDelegate.java:188)
	at saf.core.ui.GUICreator$1.run(GUICreator.java:18)
	at simphony.util.ThreadUtilities$Runner.run(ThreadUtilities.java:33)
	at simphony.util.ThreadUtilities.runInEventThread(ThreadUtilities.java:47)
	at saf.core.ui.GUICreator.runDisplay(GUICreator.java:16)
	at repast.simphony.ui.RSUIPlugin$1.run(RSUIPlugin.java:104)
	at java.awt.event.InvocationEvent.dispatch(InvocationEvent.java:251)
	at java.awt.EventQueue.dispatchEventImpl(EventQueue.java:733)
	at java.awt.EventQueue.access$200(EventQueue.java:103)
	at java.awt.EventQueue$3.run(EventQueue.java:694)
	at java.awt.EventQueue$3.run(EventQueue.java:692)
	at java.security.AccessController.doPrivileged(Native Method)
	at java.security.ProtectionDomain$1.doIntersectionPrivilege(ProtectionDomain.java:76)
	at java.awt.EventQueue.dispatchEvent(EventQueue.java:703)
	at java.awt.EventDispatchThread.pumpOneEventForFilters(EventDispatchThread.java:242)
	at java.awt.EventDispatchThread.pumpEventsForFilter(EventDispatchThread.java:161)
	at java.awt.EventDispatchThread.pumpEventsForHierarchy(EventDispatchThread.java:150)
	at java.awt.EventDispatchThread.pumpEvents(EventDispatchThread.java:146)
	at java.awt.EventDispatchThread.pumpEvents(EventDispatchThread.java:138)
	at java.awt.EventDispatchThread.run(EventDispatchThread.java:91)
Caused by: java.lang.NullPointerException
	at repast.simphony.dataLoader.engine.ContextXMLBuilder.<init>(ContextXMLBuilder.java:32)
	at repast.simphony.dataLoader.engine.MIContextXMLBuilder.<init>(MIContextXMLBuilder.java:28)
	at repast.simphony.dataLoader.engine.MIContextXMLDataLoaderAction.<init>(MIContextXMLDataLoaderAction.java:53)
	at repast.simphony.dataLoader.engine.MIContextXMLDataLoaderControllerActionIO$ScoreActionLoader.loadAction(MIContextXMLDataLoaderControllerActionIO.java:38)
	at repast.simphony.scenario.ScenarioFileLoader.createActions(ScenarioFileLoader.java:90)
	at repast.simphony.scenario.ScenarioFileLoader.load(ScenarioFileLoader.java:66)
	at repast.simphony.scenario.ScenarioLoader.load(ScenarioLoader.java:193)
	... 22 more
ERROR [AWT-EventQueue-0] 2015-02-13 17:39:34,460 repast.simphony.ui.RSApplication - Scenario Load Error
repast.simphony.scenario.ScenarioLoadException
	at repast.simphony.scenario.ScenarioLoader.load(ScenarioLoader.java:220)
	at repast.simphony.ui.RSApplication.open(RSApplication.java:353)
	at repast.simphony.ui.RSAppConfigurator.postWindowOpen(RSAppConfigurator.java:39)
	at saf.core.ui.GUICreatorDelegate.runDisplay(GUICreatorDelegate.java:188)
	at saf.core.ui.GUICreator$1.run(GUICreator.java:18)
	at simphony.util.ThreadUtilities$Runner.run(ThreadUtilities.java:33)
	at simphony.util.ThreadUtilities.runInEventThread(ThreadUtilities.java:47)
	at saf.core.ui.GUICreator.runDisplay(GUICreator.java:16)
	at repast.simphony.ui.RSUIPlugin$1.run(RSUIPlugin.java:104)
	at java.awt.event.InvocationEvent.dispatch(InvocationEvent.java:251)
	at java.awt.EventQueue.dispatchEventImpl(EventQueue.java:733)
	at java.awt.EventQueue.access$200(EventQueue.java:103)
	at java.awt.EventQueue$3.run(EventQueue.java:694)
	at java.awt.EventQueue$3.run(EventQueue.java:692)
	at java.security.AccessController.doPrivileged(Native Method)
	at java.security.ProtectionDomain$1.doIntersectionPrivilege(ProtectionDomain.java:76)
	at java.awt.EventQueue.dispatchEvent(EventQueue.java:703)
	at java.awt.EventDispatchThread.pumpOneEventForFilters(EventDispatchThread.java:242)
	at java.awt.EventDispatchThread.pumpEventsForFilter(EventDispatchThread.java:161)
	at java.awt.EventDispatchThread.pumpEventsForHierarchy(EventDispatchThread.java:150)
	at java.awt.EventDispatchThread.pumpEvents(EventDispatchThread.java:146)
	at java.awt.EventDispatchThread.pumpEvents(EventDispatchThread.java:138)
	at java.awt.EventDispatchThread.run(EventDispatchThread.java:91)
Caused by: java.lang.NullPointerException
	at repast.simphony.dataLoader.engine.ContextXMLBuilder.<init>(ContextXMLBuilder.java:32)
	at repast.simphony.dataLoader.engine.MIContextXMLBuilder.<init>(MIContextXMLBuilder.java:28)
	at repast.simphony.dataLoader.engine.MIContextXMLDataLoaderAction.<init>(MIContextXMLDataLoaderAction.java:53)
	at repast.simphony.dataLoader.engine.MIContextXMLDataLoaderControllerActionIO$ScoreActionLoader.loadAction(MIContextXMLDataLoaderControllerActionIO.java:38)
	at repast.simphony.scenario.ScenarioFileLoader.createActions(ScenarioFileLoader.java:90)
	at repast.simphony.scenario.ScenarioFileLoader.load(ScenarioFileLoader.java:66)
	at repast.simphony.scenario.ScenarioLoader.load(ScenarioLoader.java:193)
	... 22 more
ERROR [AWT-EventQueue-0] 2015-02-13 17:40:36,103 repast.simphony.ui.RSApplication - Scenario Load Error
repast.simphony.scenario.ScenarioLoadException
	at repast.simphony.scenario.ScenarioLoader.load(ScenarioLoader.java:220)
	at repast.simphony.ui.RSApplication.open(RSApplication.java:353)
	at repast.simphony.ui.RSAppConfigurator.postWindowOpen(RSAppConfigurator.java:39)
	at saf.core.ui.GUICreatorDelegate.runDisplay(GUICreatorDelegate.java:188)
	at saf.core.ui.GUICreator$1.run(GUICreator.java:18)
	at simphony.util.ThreadUtilities$Runner.run(ThreadUtilities.java:33)
	at simphony.util.ThreadUtilities.runInEventThread(ThreadUtilities.java:47)
	at saf.core.ui.GUICreator.runDisplay(GUICreator.java:16)
	at repast.simphony.ui.RSUIPlugin$1.run(RSUIPlugin.java:104)
	at java.awt.event.InvocationEvent.dispatch(InvocationEvent.java:251)
	at java.awt.EventQueue.dispatchEventImpl(EventQueue.java:733)
	at java.awt.EventQueue.access$200(EventQueue.java:103)
	at java.awt.EventQueue$3.run(EventQueue.java:694)
	at java.awt.EventQueue$3.run(EventQueue.java:692)
	at java.security.AccessController.doPrivileged(Native Method)
	at java.security.ProtectionDomain$1.doIntersectionPrivilege(ProtectionDomain.java:76)
	at java.awt.EventQueue.dispatchEvent(EventQueue.java:703)
	at java.awt.EventDispatchThread.pumpOneEventForFilters(EventDispatchThread.java:242)
	at java.awt.EventDispatchThread.pumpEventsForFilter(EventDispatchThread.java:161)
	at java.awt.EventDispatchThread.pumpEventsForHierarchy(EventDispatchThread.java:150)
	at java.awt.EventDispatchThread.pumpEvents(EventDispatchThread.java:146)
	at java.awt.EventDispatchThread.pumpEvents(EventDispatchThread.java:138)
	at java.awt.EventDispatchThread.run(EventDispatchThread.java:91)
Caused by: java.lang.NullPointerException
	at repast.simphony.dataLoader.engine.ContextXMLBuilder.<init>(ContextXMLBuilder.java:32)
	at repast.simphony.dataLoader.engine.MIContextXMLBuilder.<init>(MIContextXMLBuilder.java:28)
	at repast.simphony.dataLoader.engine.MIContextXMLDataLoaderAction.<init>(MIContextXMLDataLoaderAction.java:53)
	at repast.simphony.dataLoader.engine.MIContextXMLDataLoaderControllerActionIO$ScoreActionLoader.loadAction(MIContextXMLDataLoaderControllerActionIO.java:38)
	at repast.simphony.scenario.ScenarioFileLoader.createActions(ScenarioFileLoader.java:90)
	at repast.simphony.scenario.ScenarioFileLoader.load(ScenarioFileLoader.java:66)
	at repast.simphony.scenario.ScenarioLoader.load(ScenarioLoader.java:193)
	... 22 more
ERROR [AWT-EventQueue-0] 2015-02-13 17:46:40,808 repast.simphony.ui.RSApplication - Scenario Load Error
repast.simphony.scenario.ScenarioLoadException
	at repast.simphony.scenario.ScenarioLoader.load(ScenarioLoader.java:220)
	at repast.simphony.ui.RSApplication.open(RSApplication.java:353)
	at repast.simphony.ui.RSAppConfigurator.postWindowOpen(RSAppConfigurator.java:39)
	at saf.core.ui.GUICreatorDelegate.runDisplay(GUICreatorDelegate.java:188)
	at saf.core.ui.GUICreator$1.run(GUICreator.java:18)
	at simphony.util.ThreadUtilities$Runner.run(ThreadUtilities.java:33)
	at simphony.util.ThreadUtilities.runInEventThread(ThreadUtilities.java:47)
	at saf.core.ui.GUICreator.runDisplay(GUICreator.java:16)
	at repast.simphony.ui.RSUIPlugin$1.run(RSUIPlugin.java:104)
	at java.awt.event.InvocationEvent.dispatch(InvocationEvent.java:251)
	at java.awt.EventQueue.dispatchEventImpl(EventQueue.java:733)
	at java.awt.EventQueue.access$200(EventQueue.java:103)
	at java.awt.EventQueue$3.run(EventQueue.java:694)
	at java.awt.EventQueue$3.run(EventQueue.java:692)
	at java.security.AccessController.doPrivileged(Native Method)
	at java.security.ProtectionDomain$1.doIntersectionPrivilege(ProtectionDomain.java:76)
	at java.awt.EventQueue.dispatchEvent(EventQueue.java:703)
	at java.awt.EventDispatchThread.pumpOneEventForFilters(EventDispatchThread.java:242)
	at java.awt.EventDispatchThread.pumpEventsForFilter(EventDispatchThread.java:161)
	at java.awt.EventDispatchThread.pumpEventsForHierarchy(EventDispatchThread.java:150)
	at java.awt.EventDispatchThread.pumpEvents(EventDispatchThread.java:146)
	at java.awt.EventDispatchThread.pumpEvents(EventDispatchThread.java:138)
	at java.awt.EventDispatchThread.run(EventDispatchThread.java:91)
Caused by: java.lang.NullPointerException
	at repast.simphony.dataLoader.engine.ContextXMLBuilder.<init>(ContextXMLBuilder.java:32)
	at repast.simphony.dataLoader.engine.MIContextXMLBuilder.<init>(MIContextXMLBuilder.java:28)
	at repast.simphony.dataLoader.engine.MIContextXMLDataLoaderAction.<init>(MIContextXMLDataLoaderAction.java:53)
	at repast.simphony.dataLoader.engine.MIContextXMLDataLoaderControllerActionIO$ScoreActionLoader.loadAction(MIContextXMLDataLoaderControllerActionIO.java:38)
	at repast.simphony.scenario.ScenarioFileLoader.createActions(ScenarioFileLoader.java:90)
	at repast.simphony.scenario.ScenarioFileLoader.load(ScenarioFileLoader.java:66)
	at repast.simphony.scenario.ScenarioLoader.load(ScenarioLoader.java:193)
	... 22 more
ERROR [AWT-EventQueue-0] 2015-02-13 17:48:57,510 repast.simphony.ui.RSApplication - Scenario Load Error
repast.simphony.scenario.ScenarioLoadException
	at repast.simphony.scenario.ScenarioLoader.load(ScenarioLoader.java:220)
	at repast.simphony.ui.RSApplication.open(RSApplication.java:353)
	at repast.simphony.ui.RSAppConfigurator.postWindowOpen(RSAppConfigurator.java:39)
	at saf.core.ui.GUICreatorDelegate.runDisplay(GUICreatorDelegate.java:188)
	at saf.core.ui.GUICreator$1.run(GUICreator.java:18)
	at simphony.util.ThreadUtilities$Runner.run(ThreadUtilities.java:33)
	at simphony.util.ThreadUtilities.runInEventThread(ThreadUtilities.java:47)
	at saf.core.ui.GUICreator.runDisplay(GUICreator.java:16)
	at repast.simphony.ui.RSUIPlugin$1.run(RSUIPlugin.java:104)
	at java.awt.event.InvocationEvent.dispatch(InvocationEvent.java:251)
	at java.awt.EventQueue.dispatchEventImpl(EventQueue.java:733)
	at java.awt.EventQueue.access$200(EventQueue.java:103)
	at java.awt.EventQueue$3.run(EventQueue.java:694)
	at java.awt.EventQueue$3.run(EventQueue.java:692)
	at java.security.AccessController.doPrivileged(Native Method)
	at java.security.ProtectionDomain$1.doIntersectionPrivilege(ProtectionDomain.java:76)
	at java.awt.EventQueue.dispatchEvent(EventQueue.java:703)
	at java.awt.EventDispatchThread.pumpOneEventForFilters(EventDispatchThread.java:242)
	at java.awt.EventDispatchThread.pumpEventsForFilter(EventDispatchThread.java:161)
	at java.awt.EventDispatchThread.pumpEventsForHierarchy(EventDispatchThread.java:150)
	at java.awt.EventDispatchThread.pumpEvents(EventDispatchThread.java:146)
	at java.awt.EventDispatchThread.pumpEvents(EventDispatchThread.java:138)
	at java.awt.EventDispatchThread.run(EventDispatchThread.java:91)
Caused by: java.lang.NullPointerException
	at repast.simphony.dataLoader.engine.ContextXMLBuilder.<init>(ContextXMLBuilder.java:32)
	at repast.simphony.dataLoader.engine.MIContextXMLBuilder.<init>(MIContextXMLBuilder.java:28)
	at repast.simphony.dataLoader.engine.MIContextXMLDataLoaderAction.<init>(MIContextXMLDataLoaderAction.java:53)
	at repast.simphony.dataLoader.engine.MIContextXMLDataLoaderControllerActionIO$ScoreActionLoader.loadAction(MIContextXMLDataLoaderControllerActionIO.java:38)
	at repast.simphony.scenario.ScenarioFileLoader.createActions(ScenarioFileLoader.java:90)
	at repast.simphony.scenario.ScenarioFileLoader.load(ScenarioFileLoader.java:66)
	at repast.simphony.scenario.ScenarioLoader.load(ScenarioLoader.java:193)
	... 22 more
ERROR [AWT-EventQueue-0] 2015-02-13 18:25:10,803 repast.simphony.ui.RSApplication - Scenario Load Error
repast.simphony.scenario.ScenarioLoadException
	at repast.simphony.scenario.ScenarioLoader.load(ScenarioLoader.java:220)
	at repast.simphony.ui.RSApplication.open(RSApplication.java:353)
	at repast.simphony.ui.RSAppConfigurator.postWindowOpen(RSAppConfigurator.java:39)
	at saf.core.ui.GUICreatorDelegate.runDisplay(GUICreatorDelegate.java:188)
	at saf.core.ui.GUICreator$1.run(GUICreator.java:18)
	at simphony.util.ThreadUtilities$Runner.run(ThreadUtilities.java:33)
	at simphony.util.ThreadUtilities.runInEventThread(ThreadUtilities.java:47)
	at saf.core.ui.GUICreator.runDisplay(GUICreator.java:16)
	at repast.simphony.ui.RSUIPlugin$1.run(RSUIPlugin.java:104)
	at java.awt.event.InvocationEvent.dispatch(InvocationEvent.java:251)
	at java.awt.EventQueue.dispatchEventImpl(EventQueue.java:733)
	at java.awt.EventQueue.access$200(EventQueue.java:103)
	at java.awt.EventQueue$3.run(EventQueue.java:694)
	at java.awt.EventQueue$3.run(EventQueue.java:692)
	at java.security.AccessController.doPrivileged(Native Method)
	at java.security.ProtectionDomain$1.doIntersectionPrivilege(ProtectionDomain.java:76)
	at java.awt.EventQueue.dispatchEvent(EventQueue.java:703)
	at java.awt.EventDispatchThread.pumpOneEventForFilters(EventDispatchThread.java:242)
	at java.awt.EventDispatchThread.pumpEventsForFilter(EventDispatchThread.java:161)
	at java.awt.EventDispatchThread.pumpEventsForHierarchy(EventDispatchThread.java:150)
	at java.awt.EventDispatchThread.pumpEvents(EventDispatchThread.java:146)
	at java.awt.EventDispatchThread.pumpEvents(EventDispatchThread.java:138)
	at java.awt.EventDispatchThread.run(EventDispatchThread.java:91)
Caused by: java.lang.NullPointerException
	at repast.simphony.dataLoader.engine.ContextXMLBuilder.<init>(ContextXMLBuilder.java:32)
	at repast.simphony.dataLoader.engine.MIContextXMLBuilder.<init>(MIContextXMLBuilder.java:28)
	at repast.simphony.dataLoader.engine.MIContextXMLDataLoaderAction.<init>(MIContextXMLDataLoaderAction.java:53)
	at repast.simphony.dataLoader.engine.MIContextXMLDataLoaderControllerActionIO$ScoreActionLoader.loadAction(MIContextXMLDataLoaderControllerActionIO.java:38)
	at repast.simphony.scenario.ScenarioFileLoader.createActions(ScenarioFileLoader.java:90)
	at repast.simphony.scenario.ScenarioFileLoader.load(ScenarioFileLoader.java:66)
	at repast.simphony.scenario.ScenarioLoader.load(ScenarioLoader.java:193)
	... 22 more
ERROR [AWT-EventQueue-0] 2015-02-13 18:25:39,164 repast.simphony.dataLoader.engine.SpaceProjectionBuilder - Unable to build continuous space 'space': too few dimensions specified
java.lang.IllegalArgumentException: Too few dimensions specified
	at repast.simphony.dataLoader.engine.SpaceProjectionBuilder$CSBuilder.init(SpaceProjectionBuilder.java:64)
	at repast.simphony.dataLoader.engine.SpaceProjectionBuilder$CSBuilder.<init>(SpaceProjectionBuilder.java:48)
	at repast.simphony.dataLoader.engine.SpaceProjectionBuilder.getBuilder(SpaceProjectionBuilder.java:109)
	at repast.simphony.dataLoader.engine.ContextBuilderFactory.createBuilder(ContextBuilderFactory.java:85)
	at repast.simphony.dataLoader.engine.ContextXMLBuilder.<init>(ContextXMLBuilder.java:47)
	at repast.simphony.dataLoader.engine.MIContextXMLBuilder.<init>(MIContextXMLBuilder.java:28)
	at repast.simphony.dataLoader.engine.MIContextXMLDataLoaderAction.<init>(MIContextXMLDataLoaderAction.java:53)
	at repast.simphony.dataLoader.engine.MIContextXMLDataLoaderControllerActionIO$ScoreActionLoader.loadAction(MIContextXMLDataLoaderControllerActionIO.java:38)
	at repast.simphony.scenario.ScenarioFileLoader.createActions(ScenarioFileLoader.java:90)
	at repast.simphony.scenario.ScenarioFileLoader.load(ScenarioFileLoader.java:66)
	at repast.simphony.scenario.ScenarioLoader.load(ScenarioLoader.java:193)
	at repast.simphony.ui.RSApplication.open(RSApplication.java:353)
	at repast.simphony.ui.RSAppConfigurator.postWindowOpen(RSAppConfigurator.java:39)
	at saf.core.ui.GUICreatorDelegate.runDisplay(GUICreatorDelegate.java:188)
	at saf.core.ui.GUICreator$1.run(GUICreator.java:18)
	at simphony.util.ThreadUtilities$Runner.run(ThreadUtilities.java:33)
	at simphony.util.ThreadUtilities.runInEventThread(ThreadUtilities.java:47)
	at saf.core.ui.GUICreator.runDisplay(GUICreator.java:16)
	at repast.simphony.ui.RSUIPlugin$1.run(RSUIPlugin.java:104)
	at java.awt.event.InvocationEvent.dispatch(InvocationEvent.java:251)
	at java.awt.EventQueue.dispatchEventImpl(EventQueue.java:733)
	at java.awt.EventQueue.access$200(EventQueue.java:103)
	at java.awt.EventQueue$3.run(EventQueue.java:694)
	at java.awt.EventQueue$3.run(EventQueue.java:692)
	at java.security.AccessController.doPrivileged(Native Method)
	at java.security.ProtectionDomain$1.doIntersectionPrivilege(ProtectionDomain.java:76)
	at java.awt.EventQueue.dispatchEvent(EventQueue.java:703)
	at java.awt.EventDispatchThread.pumpOneEventForFilters(EventDispatchThread.java:242)
	at java.awt.EventDispatchThread.pumpEventsForFilter(EventDispatchThread.java:161)
	at java.awt.EventDispatchThread.pumpEventsForHierarchy(EventDispatchThread.java:150)
	at java.awt.EventDispatchThread.pumpEvents(EventDispatchThread.java:146)
	at java.awt.EventDispatchThread.pumpEvents(EventDispatchThread.java:138)
	at java.awt.EventDispatchThread.run(EventDispatchThread.java:91)
ERROR [AWT-EventQueue-0] 2015-02-13 18:25:39,166 repast.simphony.dataLoader.engine.SpaceProjectionBuilder - Unable to build continuous space 'space': invalid border rule
java.lang.IllegalArgumentException: Invalid border rule
	at repast.simphony.dataLoader.engine.SpaceProjectionBuilder$CSBuilder.init(SpaceProjectionBuilder.java:69)
	at repast.simphony.dataLoader.engine.SpaceProjectionBuilder$CSBuilder.<init>(SpaceProjectionBuilder.java:48)
	at repast.simphony.dataLoader.engine.SpaceProjectionBuilder.getBuilder(SpaceProjectionBuilder.java:109)
	at repast.simphony.dataLoader.engine.ContextBuilderFactory.createBuilder(ContextBuilderFactory.java:85)
	at repast.simphony.dataLoader.engine.ContextXMLBuilder.<init>(ContextXMLBuilder.java:47)
	at repast.simphony.dataLoader.engine.MIContextXMLBuilder.<init>(MIContextXMLBuilder.java:28)
	at repast.simphony.dataLoader.engine.MIContextXMLDataLoaderAction.<init>(MIContextXMLDataLoaderAction.java:53)
	at repast.simphony.dataLoader.engine.MIContextXMLDataLoaderControllerActionIO$ScoreActionLoader.loadAction(MIContextXMLDataLoaderControllerActionIO.java:38)
	at repast.simphony.scenario.ScenarioFileLoader.createActions(ScenarioFileLoader.java:90)
	at repast.simphony.scenario.ScenarioFileLoader.load(ScenarioFileLoader.java:66)
	at repast.simphony.scenario.ScenarioLoader.load(ScenarioLoader.java:193)
	at repast.simphony.ui.RSApplication.open(RSApplication.java:353)
	at repast.simphony.ui.RSAppConfigurator.postWindowOpen(RSAppConfigurator.java:39)
	at saf.core.ui.GUICreatorDelegate.runDisplay(GUICreatorDelegate.java:188)
	at saf.core.ui.GUICreator$1.run(GUICreator.java:18)
	at simphony.util.ThreadUtilities$Runner.run(ThreadUtilities.java:33)
	at simphony.util.ThreadUtilities.runInEventThread(ThreadUtilities.java:47)
	at saf.core.ui.GUICreator.runDisplay(GUICreator.java:16)
	at repast.simphony.ui.RSUIPlugin$1.run(RSUIPlugin.java:104)
	at java.awt.event.InvocationEvent.dispatch(InvocationEvent.java:251)
	at java.awt.EventQueue.dispatchEventImpl(EventQueue.java:733)
	at java.awt.EventQueue.access$200(EventQueue.java:103)
	at java.awt.EventQueue$3.run(EventQueue.java:694)
	at java.awt.EventQueue$3.run(EventQueue.java:692)
	at java.security.AccessController.doPrivileged(Native Method)
	at java.security.ProtectionDomain$1.doIntersectionPrivilege(ProtectionDomain.java:76)
	at java.awt.EventQueue.dispatchEvent(EventQueue.java:703)
	at java.awt.EventDispatchThread.pumpOneEventForFilters(EventDispatchThread.java:242)
	at java.awt.EventDispatchThread.pumpEventsForFilter(EventDispatchThread.java:161)
	at java.awt.EventDispatchThread.pumpEventsForHierarchy(EventDispatchThread.java:150)
	at java.awt.EventDispatchThread.pumpEvents(EventDispatchThread.java:146)
	at java.awt.EventDispatchThread.pumpEvents(EventDispatchThread.java:138)
	at java.awt.EventDispatchThread.run(EventDispatchThread.java:91)
ERROR [AWT-EventQueue-0] 2015-02-13 18:25:39,181 repast.simphony.dataLoader.engine.GridProjectionBuilder - Unable to build Grid 'grid': too few dimensions specified
java.lang.IllegalArgumentException: Too few dimensions specified
	at repast.simphony.dataLoader.engine.GridProjectionBuilder$GridBuilder.init(GridProjectionBuilder.java:70)
	at repast.simphony.dataLoader.engine.GridProjectionBuilder$GridBuilder.<init>(GridProjectionBuilder.java:50)
	at repast.simphony.dataLoader.engine.GridProjectionBuilder.getBuilder(GridProjectionBuilder.java:117)
	at repast.simphony.dataLoader.engine.ContextBuilderFactory.createBuilder(ContextBuilderFactory.java:85)
	at repast.simphony.dataLoader.engine.ContextXMLBuilder.<init>(ContextXMLBuilder.java:47)
	at repast.simphony.dataLoader.engine.MIContextXMLBuilder.<init>(MIContextXMLBuilder.java:28)
	at repast.simphony.dataLoader.engine.MIContextXMLDataLoaderAction.<init>(MIContextXMLDataLoaderAction.java:53)
	at repast.simphony.dataLoader.engine.MIContextXMLDataLoaderControllerActionIO$ScoreActionLoader.loadAction(MIContextXMLDataLoaderControllerActionIO.java:38)
	at repast.simphony.scenario.ScenarioFileLoader.createActions(ScenarioFileLoader.java:90)
	at repast.simphony.scenario.ScenarioFileLoader.load(ScenarioFileLoader.java:66)
	at repast.simphony.scenario.ScenarioLoader.load(ScenarioLoader.java:193)
	at repast.simphony.ui.RSApplication.open(RSApplication.java:353)
	at repast.simphony.ui.RSAppConfigurator.postWindowOpen(RSAppConfigurator.java:39)
	at saf.core.ui.GUICreatorDelegate.runDisplay(GUICreatorDelegate.java:188)
	at saf.core.ui.GUICreator$1.run(GUICreator.java:18)
	at simphony.util.ThreadUtilities$Runner.run(ThreadUtilities.java:33)
	at simphony.util.ThreadUtilities.runInEventThread(ThreadUtilities.java:47)
	at saf.core.ui.GUICreator.runDisplay(GUICreator.java:16)
	at repast.simphony.ui.RSUIPlugin$1.run(RSUIPlugin.java:104)
	at java.awt.event.InvocationEvent.dispatch(InvocationEvent.java:251)
	at java.awt.EventQueue.dispatchEventImpl(EventQueue.java:733)
	at java.awt.EventQueue.access$200(EventQueue.java:103)
	at java.awt.EventQueue$3.run(EventQueue.java:694)
	at java.awt.EventQueue$3.run(EventQueue.java:692)
	at java.security.AccessController.doPrivileged(Native Method)
	at java.security.ProtectionDomain$1.doIntersectionPrivilege(ProtectionDomain.java:76)
	at java.awt.EventQueue.dispatchEvent(EventQueue.java:703)
	at java.awt.EventDispatchThread.pumpOneEventForFilters(EventDispatchThread.java:242)
	at java.awt.EventDispatchThread.pumpEventsForFilter(EventDispatchThread.java:161)
	at java.awt.EventDispatchThread.pumpEventsForHierarchy(EventDispatchThread.java:150)
	at java.awt.EventDispatchThread.pumpEvents(EventDispatchThread.java:146)
	at java.awt.EventDispatchThread.pumpEvents(EventDispatchThread.java:138)
	at java.awt.EventDispatchThread.run(EventDispatchThread.java:91)
ERROR [AWT-EventQueue-0] 2015-02-13 18:25:39,182 repast.simphony.dataLoader.engine.GridProjectionBuilder - Unable to build Grid 'grid': invalid border rule
java.lang.IllegalArgumentException: Invalid border rule
	at repast.simphony.dataLoader.engine.GridProjectionBuilder$GridBuilder.init(GridProjectionBuilder.java:75)
	at repast.simphony.dataLoader.engine.GridProjectionBuilder$GridBuilder.<init>(GridProjectionBuilder.java:50)
	at repast.simphony.dataLoader.engine.GridProjectionBuilder.getBuilder(GridProjectionBuilder.java:117)
	at repast.simphony.dataLoader.engine.ContextBuilderFactory.createBuilder(ContextBuilderFactory.java:85)
	at repast.simphony.dataLoader.engine.ContextXMLBuilder.<init>(ContextXMLBuilder.java:47)
	at repast.simphony.dataLoader.engine.MIContextXMLBuilder.<init>(MIContextXMLBuilder.java:28)
	at repast.simphony.dataLoader.engine.MIContextXMLDataLoaderAction.<init>(MIContextXMLDataLoaderAction.java:53)
	at repast.simphony.dataLoader.engine.MIContextXMLDataLoaderControllerActionIO$ScoreActionLoader.loadAction(MIContextXMLDataLoaderControllerActionIO.java:38)
	at repast.simphony.scenario.ScenarioFileLoader.createActions(ScenarioFileLoader.java:90)
	at repast.simphony.scenario.ScenarioFileLoader.load(ScenarioFileLoader.java:66)
	at repast.simphony.scenario.ScenarioLoader.load(ScenarioLoader.java:193)
	at repast.simphony.ui.RSApplication.open(RSApplication.java:353)
	at repast.simphony.ui.RSAppConfigurator.postWindowOpen(RSAppConfigurator.java:39)
	at saf.core.ui.GUICreatorDelegate.runDisplay(GUICreatorDelegate.java:188)
	at saf.core.ui.GUICreator$1.run(GUICreator.java:18)
	at simphony.util.ThreadUtilities$Runner.run(ThreadUtilities.java:33)
	at simphony.util.ThreadUtilities.runInEventThread(ThreadUtilities.java:47)
	at saf.core.ui.GUICreator.runDisplay(GUICreator.java:16)
	at repast.simphony.ui.RSUIPlugin$1.run(RSUIPlugin.java:104)
	at java.awt.event.InvocationEvent.dispatch(InvocationEvent.java:251)
	at java.awt.EventQueue.dispatchEventImpl(EventQueue.java:733)
	at java.awt.EventQueue.access$200(EventQueue.java:103)
	at java.awt.EventQueue$3.run(EventQueue.java:694)
	at java.awt.EventQueue$3.run(EventQueue.java:692)
	at java.security.AccessController.doPrivileged(Native Method)
	at java.security.ProtectionDomain$1.doIntersectionPrivilege(ProtectionDomain.java:76)
	at java.awt.EventQueue.dispatchEvent(EventQueue.java:703)
	at java.awt.EventDispatchThread.pumpOneEventForFilters(EventDispatchThread.java:242)
	at java.awt.EventDispatchThread.pumpEventsForFilter(EventDispatchThread.java:161)
	at java.awt.EventDispatchThread.pumpEventsForHierarchy(EventDispatchThread.java:150)
	at java.awt.EventDispatchThread.pumpEvents(EventDispatchThread.java:146)
	at java.awt.EventDispatchThread.pumpEvents(EventDispatchThread.java:138)
	at java.awt.EventDispatchThread.run(EventDispatchThread.java:91)
ERROR [AWT-EventQueue-0] 2015-02-13 18:27:02,968 repast.simphony.visualization.engine.DisplayComponentControllerAction - Error while creating displays
repast.simphony.visualization.engine.DisplayCreationException: Error while creating display.
	at repast.simphony.visualization.engine.DisplayCreatorOGL2D.createDisplay(DisplayCreatorOGL2D.java:102)
	at repast.simphony.visualization.engine.DisplayProducer.createDisplay(DisplayProducer.java:45)
	at repast.simphony.visualization.engine.DisplayComponentControllerAction.runInitialize(DisplayComponentControllerAction.java:104)
	at repast.simphony.engine.controller.DefaultController$2.visit(DefaultController.java:214)
	at repast.simphony.engine.controller.DefaultController$2.visit(DefaultController.java:1)
	at repast.simphony.util.collections.NaryTree.preOrderTraverals(NaryTree.java:287)
	at repast.simphony.util.collections.NaryTree.preOrderTraverals(NaryTree.java:290)
	at repast.simphony.util.collections.NaryTree.preOrderTraverals(NaryTree.java:290)
	at repast.simphony.util.collections.NaryTree.preOrderTraversal(NaryTree.java:283)
	at repast.simphony.engine.controller.DefaultController.runInitialize(DefaultController.java:212)
	at repast.simphony.engine.controller.DefaultController.runInitialize(DefaultController.java:383)
	at repast.simphony.ui.RSApplication.initSim(RSApplication.java:160)
	at repast.simphony.ui.action.InitRun.actionPerformed(InitRun.java:17)
	at javax.swing.AbstractButton.fireActionPerformed(AbstractButton.java:2018)
	at javax.swing.AbstractButton$Handler.actionPerformed(AbstractButton.java:2341)
	at javax.swing.DefaultButtonModel.fireActionPerformed(DefaultButtonModel.java:402)
	at javax.swing.DefaultButtonModel.setPressed(DefaultButtonModel.java:259)
	at javax.swing.plaf.basic.BasicButtonListener.mouseReleased(BasicButtonListener.java:252)
	at java.awt.AWTEventMulticaster.mouseReleased(AWTEventMulticaster.java:289)
	at java.awt.Component.processMouseEvent(Component.java:6505)
	at javax.swing.JComponent.processMouseEvent(JComponent.java:3320)
	at java.awt.Component.processEvent(Component.java:6270)
	at java.awt.Container.processEvent(Container.java:2229)
	at java.awt.Component.dispatchEventImpl(Component.java:4861)
	at java.awt.Container.dispatchEventImpl(Container.java:2287)
	at java.awt.Component.dispatchEvent(Component.java:4687)
	at java.awt.LightweightDispatcher.retargetMouseEvent(Container.java:4832)
	at java.awt.LightweightDispatcher.processMouseEvent(Container.java:4492)
	at java.awt.LightweightDispatcher.dispatchEvent(Container.java:4422)
	at java.awt.Container.dispatchEventImpl(Container.java:2273)
	at java.awt.Window.dispatchEventImpl(Window.java:2719)
	at java.awt.Component.dispatchEvent(Component.java:4687)
	at java.awt.EventQueue.dispatchEventImpl(EventQueue.java:735)
	at java.awt.EventQueue.access$200(EventQueue.java:103)
	at java.awt.EventQueue$3.run(EventQueue.java:694)
	at java.awt.EventQueue$3.run(EventQueue.java:692)
	at java.security.AccessController.doPrivileged(Native Method)
	at java.security.ProtectionDomain$1.doIntersectionPrivilege(ProtectionDomain.java:76)
	at java.security.ProtectionDomain$1.doIntersectionPrivilege(ProtectionDomain.java:87)
	at java.awt.EventQueue$4.run(EventQueue.java:708)
	at java.awt.EventQueue$4.run(EventQueue.java:706)
	at java.security.AccessController.doPrivileged(Native Method)
	at java.security.ProtectionDomain$1.doIntersectionPrivilege(ProtectionDomain.java:76)
	at java.awt.EventQueue.dispatchEvent(EventQueue.java:705)
	at java.awt.EventDispatchThread.pumpOneEventForFilters(EventDispatchThread.java:242)
	at java.awt.EventDispatchThread.pumpEventsForFilter(EventDispatchThread.java:161)
	at java.awt.EventDispatchThread.pumpEventsForHierarchy(EventDispatchThread.java:150)
	at java.awt.EventDispatchThread.pumpEvents(EventDispatchThread.java:146)
	at java.awt.EventDispatchThread.pumpEvents(EventDispatchThread.java:138)
	at java.awt.EventDispatchThread.run(EventDispatchThread.java:91)
Caused by: java.lang.NullPointerException
	at repast.simphony.visualization.DefaultDisplayData.addProjection(DefaultDisplayData.java:60)
	at repast.simphony.visualization.engine.AbstractCartesianDisplayCreator.createDisplayData(AbstractCartesianDisplayCreator.java:29)
	at repast.simphony.visualization.engine.DisplayCreatorOGL2D.createDisplay(DisplayCreatorOGL2D.java:56)
	... 49 more
