This is pdfTeX, Version 3.1415926-2.5-1.40.14 (MiKTeX 2.9 64-bit) (preloaded format=pdflatex 2015.1.22)  25 MAR 2015 19:59
entering extended mode
**final*report.tex
("C:\Users\NX900\git\team_SignalGreen\reports\final report.tex"
LaTeX2e <2011/06/27>
Babel <v3.8m> and hyphenation patterns for english, afrikaans, ancientgreek, ar
abic, armenian, assamese, basque, bengali, bokmal, bulgarian, catalan, coptic, 
croatian, czech, danish, dutch, esperanto, estonian, farsi, finnish, french, ga
lician, german, german-x-2013-05-26, greek, gujarati, hindi, hungarian, iceland
ic, indonesian, interlingua, irish, italian, kannada, kurmanji, latin, latvian,
 lithuanian, malayalam, marathi, mongolian, mongolianlmc, monogreek, ngerman, n
german-x-2013-05-26, nynorsk, oriya, panjabi, pinyin, polish, portuguese, roman
ian, russian, sanskrit, serbian, slovak, slovenian, spanish, swedish, swissgerm
an, tamil, telugu, turkish, turkmen, ukenglish, ukrainian, uppersorbian, usengl
ishmax, welsh, loaded.
("C:\Program Files\MiKTeX 2.9\tex\latex\base\article.cls"
Document Class: article 2007/10/19 v1.4h Standard LaTeX document class
("C:\Program Files\MiKTeX 2.9\tex\latex\base\size11.clo"
File: size11.clo 2007/10/19 v1.4h Standard LaTeX file (size option)
)
\c@part=\count79
\c@section=\count80
\c@subsection=\count81
\c@subsubsection=\count82
\c@paragraph=\count83
\c@subparagraph=\count84
\c@figure=\count85
\c@table=\count86
\abovecaptionskip=\skip41
\belowcaptionskip=\skip42
\bibindent=\dimen102
)
("C:\Program Files\MiKTeX 2.9\tex\latex\geometry\geometry.sty"
Package: geometry 2010/09/12 v5.6 Page Geometry

("C:\Program Files\MiKTeX 2.9\tex\latex\graphics\keyval.sty"
Package: keyval 1999/03/16 v1.13 key=value parser (DPC)
\KV@toks@=\toks14
)
("C:\Program Files\MiKTeX 2.9\tex\generic\oberdiek\ifpdf.sty"
Package: ifpdf 2011/01/30 v2.3 Provides the ifpdf switch (HO)
Package ifpdf Info: pdfTeX in PDF mode is detected.
)
("C:\Program Files\MiKTeX 2.9\tex\generic\oberdiek\ifvtex.sty"
Package: ifvtex 2010/03/01 v1.5 Detect VTeX and its facilities (HO)
Package ifvtex Info: VTeX not detected.
)
("C:\Program Files\MiKTeX 2.9\tex\generic\ifxetex\ifxetex.sty"
Package: ifxetex 2010/09/12 v0.6 Provides ifxetex conditional
)
\Gm@cnth=\count87
\Gm@cntv=\count88
\c@Gm@tempcnt=\count89
\Gm@bindingoffset=\dimen103
\Gm@wd@mp=\dimen104
\Gm@odd@mp=\dimen105
\Gm@even@mp=\dimen106
\Gm@layoutwidth=\dimen107
\Gm@layoutheight=\dimen108
\Gm@layouthoffset=\dimen109
\Gm@layoutvoffset=\dimen110
\Gm@dimlist=\toks15

("C:\Program Files\MiKTeX 2.9\tex\latex\geometry\geometry.cfg"))
("C:\Program Files\MiKTeX 2.9\tex\latex\graphics\graphicx.sty"
Package: graphicx 1999/02/16 v1.0f Enhanced LaTeX Graphics (DPC,SPQR)

("C:\Program Files\MiKTeX 2.9\tex\latex\graphics\graphics.sty"
Package: graphics 2009/02/05 v1.0o Standard LaTeX Graphics (DPC,SPQR)

("C:\Program Files\MiKTeX 2.9\tex\latex\graphics\trig.sty"
Package: trig 1999/03/16 v1.09 sin cos tan (DPC)
)
("C:\Program Files\MiKTeX 2.9\tex\latex\00miktex\graphics.cfg"
File: graphics.cfg 2007/01/18 v1.5 graphics configuration of teTeX/TeXLive
)
Package graphics Info: Driver file: pdftex.def on input line 91.

("C:\Program Files\MiKTeX 2.9\tex\latex\pdftex-def\pdftex.def"
File: pdftex.def 2011/05/27 v0.06d Graphics/color for pdfTeX

("C:\Program Files\MiKTeX 2.9\tex\generic\oberdiek\infwarerr.sty"
Package: infwarerr 2010/04/08 v1.3 Providing info/warning/error messages (HO)
)
("C:\Program Files\MiKTeX 2.9\tex\generic\oberdiek\ltxcmds.sty"
Package: ltxcmds 2011/11/09 v1.22 LaTeX kernel commands for general use (HO)
)
\Gread@gobject=\count90
))
\Gin@req@height=\dimen111
\Gin@req@width=\dimen112
)
("C:\Program Files\MiKTeX 2.9\tex\latex\float\float.sty"
Package: float 2001/11/08 v1.3d Float enhancements (AL)
\c@float@type=\count91
\float@exts=\toks16
\float@box=\box26
\@float@everytoks=\toks17
\@floatcapt=\box27
)
("C:\Program Files\MiKTeX 2.9\tex\latex\enumitem\enumitem.sty"
Package: enumitem 2011/09/28 v3.5.2 Customized lists
\labelindent=\skip43
\enit@outerparindent=\dimen113
\enit@toks=\toks18
\enit@inbox=\box28
\enitdp@description=\count92
)
("C:\Program Files\MiKTeX 2.9\tex\latex\cite\cite.sty"
LaTeX Info: Redefining \cite on input line 302.
LaTeX Info: Redefining \nocite on input line 373.
Package: cite 2010/09/10  v 5.3
)
("C:\Program Files\MiKTeX 2.9\tex\latex\base\fontenc.sty"
Package: fontenc 2005/09/27 v1.99g Standard LaTeX package

("C:\Program Files\MiKTeX 2.9\tex\latex\base\t1enc.def"
File: t1enc.def 2005/09/27 v1.99g Standard LaTeX file
LaTeX Font Info:    Redeclaring font encoding T1 on input line 43.
))
("C:\Users\NX900\git\team_SignalGreen\reports\final report.aux")
LaTeX Font Info:    Checking defaults for OML/cmm/m/it on input line 30.
LaTeX Font Info:    ... okay on input line 30.
LaTeX Font Info:    Checking defaults for T1/cmr/m/n on input line 30.
LaTeX Font Info:    ... okay on input line 30.
LaTeX Font Info:    Checking defaults for OT1/cmr/m/n on input line 30.
LaTeX Font Info:    ... okay on input line 30.
LaTeX Font Info:    Checking defaults for OMS/cmsy/m/n on input line 30.
LaTeX Font Info:    ... okay on input line 30.
LaTeX Font Info:    Checking defaults for OMX/cmex/m/n on input line 30.
LaTeX Font Info:    ... okay on input line 30.
LaTeX Font Info:    Checking defaults for U/cmr/m/n on input line 30.
LaTeX Font Info:    ... okay on input line 30.

*geometry* driver: auto-detecting
*geometry* detected driver: pdftex
*geometry* verbose mode - [ preamble ] result:
* driver: pdftex
* paper: a4paper
* layout: <same size as paper>
* layoutoffset:(h,v)=(0.0pt,0.0pt)
* modes: 
* h-part:(L,W,R)=(85.35826pt, 426.79135pt, 85.35826pt)
* v-part:(T,H,B)=(85.35826pt, 674.33032pt, 85.35826pt)
* \paperwidth=597.50787pt
* \paperheight=845.04684pt
* \textwidth=426.79135pt
* \textheight=674.33032pt
* \oddsidemargin=13.08827pt
* \evensidemargin=13.08827pt
* \topmargin=-23.91173pt
* \headheight=12.0pt
* \headsep=25.0pt
* \topskip=11.0pt
* \footskip=30.0pt
* \marginparwidth=59.0pt
* \marginparsep=10.0pt
* \columnsep=10.0pt
* \skip\footins=10.0pt plus 4.0pt minus 2.0pt
* \hoffset=0.0pt
* \voffset=0.0pt
* \mag=1000
* \@twocolumnfalse
* \@twosidefalse
* \@mparswitchfalse
* \@reversemarginfalse
* (1in=72.27pt=25.4mm, 1cm=28.453pt)

("C:\Program Files\MiKTeX 2.9\tex\context\base\supp-pdf.mkii"
[Loading MPS to PDF converter (version 2006.09.02).]
\scratchcounter=\count93
\scratchdimen=\dimen114
\scratchbox=\box29
\nofMPsegments=\count94
\nofMParguments=\count95
\everyMPshowfont=\toks19
\MPscratchCnt=\count96
\MPscratchDim=\dimen115
\MPnumerator=\count97
\makeMPintoPDFobject=\count98
\everyMPtoPDFconversion=\toks20
)
LaTeX Font Info:    External font `cmex10' loaded for size
(Font)              <12> on input line 36.
LaTeX Font Info:    External font `cmex10' loaded for size
(Font)              <8> on input line 36.
LaTeX Font Info:    External font `cmex10' loaded for size
(Font)              <6> on input line 36.
 ("C:\Users\NX900\git\team_SignalGreen\reports\final report.lot")
\tf@lot=\write3

Overfull \hbox (1.90916pt too wide) in paragraph at lines 49--50
\T1/cmr/m/n/10.95 (ABM) through us-ing Repast Sim-phony, and gained ex-pe-ri-en
ce with ver-sion con-trol through
 []


LaTeX Warning: Citation `10j' on page 1 undefined on input line 55.

<england_traffic.jpg, id=1, 414.04688pt x 294.34969pt>
File: england_traffic.jpg Graphic file (type jpg)

<use england_traffic.jpg>
Package pdftex.def Info: england_traffic.jpg used on input line 60.
(pdftex.def)             Requested size: 289.83083pt x 206.04337pt.


LaTeX Warning: `h' float specifier changed to `ht'.


! LaTeX Error: Environment singlespace undefined.

See the LaTeX manual or LaTeX Companion for explanation.
Type  H <return>  for immediate help.
 ...                                              
                                                  
l.67 \begin{singlespace}
                        
Your command was ignored.
Type  I <command> <return>  to replace it with another command,
or  <return>  to continue without it.

LaTeX Font Info:    Try loading font information for OMS+cmr on input line 69.
("C:\Program Files\MiKTeX 2.9\tex\latex\base\omscmr.fd"
File: omscmr.fd 1999/05/25 v2.5h Standard LaTeX font definitions
)
LaTeX Font Info:    Font shape `OMS/cmr/m/n' in size <10.95> not available
(Font)              Font shape `OMS/cmsy/m/n' tried instead on input line 69.
 [1

{C:/ProgramData/MiKTeX/2.9/pdftex/config/pdftex.map}]

! LaTeX Error: \begin{document} ended by \end{singlespace}.

See the LaTeX manual or LaTeX Companion for explanation.
Type  H <return>  for immediate help.
 ...                                              
                                                  
l.79 \end{singlespace}
                      
Your command was ignored.
Type  I <command> <return>  to replace it with another command,
or  <return>  to continue without it.


LaTeX Warning: Citation `1a' on page 2 undefined on input line 97.


LaTeX Warning: Citation `2b' on page 2 undefined on input line 98.


LaTeX Warning: Citation `3c' on page 2 undefined on input line 99.


LaTeX Warning: Citation `4d' on page 2 undefined on input line 100.


LaTeX Warning: Citation `5e' on page 2 undefined on input line 101.


LaTeX Warning: Citation `5e' on page 2 undefined on input line 101.


LaTeX Warning: Citation `5e' on page 2 undefined on input line 101.


LaTeX Warning: Citation `6f' on page 2 undefined on input line 102.


LaTeX Warning: Citation `7g' on page 2 undefined on input line 103.


LaTeX Warning: Citation `8h' on page 2 undefined on input line 104.

[2 <C:/Users/NX900/git/team_SignalGreen/reports/england_traffic.jpg>]

LaTeX Warning: Citation `5e' on page 3 undefined on input line 126.


LaTeX Warning: Citation `8h' on page 3 undefined on input line 132.

[3]

! LaTeX Error: There's no line here to end.

See the LaTeX manual or LaTeX Companion for explanation.
Type  H <return>  for immediate help.
 ...                                              
                                                  
l.149 M
       ilestone 2:
Your command was ignored.
Type  I <command> <return>  to replace it with another command,
or  <return>  to continue without it.


! LaTeX Error: There's no line here to end.

See the LaTeX manual or LaTeX Companion for explanation.
Type  H <return>  for immediate help.
 ...                                              
                                                  
l.161 M
       ilestone 3:
Your command was ignored.
Type  I <command> <return>  to replace it with another command,
or  <return>  to continue without it.


! LaTeX Error: There's no line here to end.

See the LaTeX manual or LaTeX Companion for explanation.
Type  H <return>  for immediate help.
 ...                                              
                                                  
l.170 P
       ossible Traffic Policy Implementations:
Your command was ignored.
Type  I <command> <return>  to replace it with another command,
or  <return>  to continue without it.


! LaTeX Error: There's no line here to end.

See the LaTeX manual or LaTeX Companion for explanation.
Type  H <return>  for immediate help.
 ...                                              
                                                  
l.179 
      
Your command was ignored.
Type  I <command> <return>  to replace it with another command,
or  <return>  to continue without it.

[4]

LaTeX Warning: Citation `5e' on page 5 undefined on input line 189.


Underfull \hbox (badness 10000) in paragraph at lines 192--194

 []


Underfull \hbox (badness 10000) in paragraph at lines 194--196

 []


Underfull \hbox (badness 10000) in paragraph at lines 196--198

 []


Underfull \hbox (badness 10000) in paragraph at lines 198--200

 []


LaTeX Warning: Citation `4d' on page 5 undefined on input line 203.

[5]

! LaTeX Error: There's no line here to end.

See the LaTeX manual or LaTeX Companion for explanation.
Type  H <return>  for immediate help.
 ...                                              
                                                  
l.206 
      
Your command was ignored.
Type  I <command> <return>  to replace it with another command,
or  <return>  to continue without it.

[6]
Underfull \hbox (badness 10000) in paragraph at lines 236--239

 []

<creating_road_segments_from_shapefile.jpg, id=28, 719.68875pt x 418.56375pt>
File: creating_road_segments_from_shapefile.jpg Graphic file (type jpg)

<use creating_road_segments_from_shapefile.jpg>
Package pdftex.def Info: creating_road_segments_from_shapefile.jpg used on inpu
t line 242.
(pdftex.def)             Requested size: 287.87039pt x 167.42252pt.


! LaTeX Error: There's no line here to end.

See the LaTeX manual or LaTeX Companion for explanation.
Type  H <return>  for immediate help.
 ...                                              
                                                  
l.248 E
       ach Road agent is added to both the Context and the GIS geography, al...

Your command was ignored.
Type  I <command> <return>  to replace it with another command,
or  <return>  to continue without it.


LaTeX Warning: Citation `3c' on page 7 undefined on input line 248.


Underfull \hbox (badness 10000) in paragraph at lines 248--250

 []

<creating_new_roads.jpg, id=29, 743.77875pt x 536.0025pt>
File: creating_new_roads.jpg Graphic file (type jpg)

<use creating_new_roads.jpg>
Package pdftex.def Info: creating_new_roads.jpg used on input line 253.
(pdftex.def)             Requested size: 223.13535pt x 160.80199pt.
 [7 <C:/Users/NX900/git/team_SignalGreen/reports/creating_road_segments_from_sh
apefile.jpg>]

! LaTeX Error: There's no line here to end.

See the LaTeX manual or LaTeX Companion for explanation.
Type  H <return>  for immediate help.
 ...                                              
                                                  
l.259 A
       s an example, consider figure [concrete example].
Your command was ignored.
Type  I <command> <return>  to replace it with another command,
or  <return>  to continue without it.


Underfull \hbox (badness 10000) in paragraph at lines 271--273

 []

<GIS_display_manhattan_loaded.jpg, id=34, 1013.7875pt x 559.08875pt>
File: GIS_display_manhattan_loaded.jpg Graphic file (type jpg)

<use GIS_display_manhattan_loaded.jpg>
Package pdftex.def Info: GIS_display_manhattan_loaded.jpg used on input line 27
6.
(pdftex.def)             Requested size: 405.50783pt x 223.63153pt.


! LaTeX Error: There's no line here to end.

See the LaTeX manual or LaTeX Companion for explanation.
Type  H <return>  for immediate help.
 ...                                              
                                                  
l.281 
      
Your command was ignored.
Type  I <command> <return>  to replace it with another command,
or  <return>  to continue without it.

[8 <C:/Users/NX900/git/team_SignalGreen/reports/creating_new_roads.jpg> <C:/Use
rs/NX900/git/team_SignalGreen/reports/GIS_display_manhattan_loaded.jpg>]
Overfull \hbox (7.9399pt too wide) in paragraph at lines 295--296
\T1/cmr/m/n/10.95 cal-cu-lated based on con-stant val-ues DIST_VEHICLES and DIS
T_VEHICLES_STOPPED.
 []


Underfull \hbox (badness 10000) in paragraph at lines 297--299

 []

<step_method_seq_diagram.jpg, id=38, 1003.75pt x 1314.9125pt>
File: step_method_seq_diagram.jpg Graphic file (type jpg)

<use step_method_seq_diagram.jpg>
Package pdftex.def Info: step_method_seq_diagram.jpg used on input line 302.
(pdftex.def)             Requested size: 451.68333pt x 591.70517pt.

Overfull \hbox (24.89198pt too wide) in paragraph at lines 302--303
 [] 
 []


! LaTeX Error: There's no line here to end.

See the LaTeX manual or LaTeX Companion for explanation.
Type  H <return>  for immediate help.
 ...                                              
                                                  
l.308 T
       he method step() works as follows. (See Figure .) Assume the current ...

Your command was ignored.
Type  I <command> <return>  to replace it with another command,
or  <return>  to continue without it.


Underfull \hbox (badness 10000) in paragraph at lines 316--318

 []

<overtaking.jpg, id=39, 875.27pt x 250.9375pt>
File: overtaking.jpg Graphic file (type jpg)
 <use overtaking.jpg>
Package pdftex.def Info: overtaking.jpg used on input line 321.
(pdftex.def)             Requested size: 350.10179pt x 100.37321pt.
 [9]
[10 <C:/Users/NX900/git/team_SignalGreen/reports/step_method_seq_diagram.jpg>]

! LaTeX Error: There's no line here to end.

See the LaTeX manual or LaTeX Companion for explanation.
Type  H <return>  for immediate help.
 ...                                              
                                                  
l.327 F
       rom Repast\textquoteright s point of view, Step() method is executed ...

Your command was ignored.
Type  I <command> <return>  to replace it with another command,
or  <return>  to continue without it.


LaTeX Warning: Citation `9i' on page 11 undefined on input line 351.


Underfull \hbox (badness 10000) in paragraph at lines 353--355

 []

<moving_vehicles.jpg, id=46, 877.2775pt x 637.38126pt>
File: moving_vehicles.jpg Graphic file (type jpg)

<use moving_vehicles.jpg>
Package pdftex.def Info: moving_vehicles.jpg used on input line 358.
(pdftex.def)             Requested size: 263.18527pt x 191.21585pt.


! LaTeX Error: There's no line here to end.

See the LaTeX manual or LaTeX Companion for explanation.
Type  H <return>  for immediate help.
 ...                                              
                                                  
l.363 
      
Your command was ignored.
Type  I <command> <return>  to replace it with another command,
or  <return>  to continue without it.

[11 <C:/Users/NX900/git/team_SignalGreen/reports/overtaking.jpg>]

! LaTeX Error: \begin{enumerate} on input line 365 ended by \end{enumeration}.

See the LaTeX manual or LaTeX Companion for explanation.
Type  H <return>  for immediate help.
 ...                                              
                                                  
l.373 \end{enumeration}
                       
Your command was ignored.
Type  I <command> <return>  to replace it with another command,
or  <return>  to continue without it.


Underfull \hbox (badness 10000) in paragraph at lines 385--387

 []

[12 <C:/Users/NX900/git/team_SignalGreen/reports/moving_vehicles.jpg>]
<traffic_light_junction.jpg, id=53, 402.50375pt x 263.98625pt>
File: traffic_light_junction.jpg Graphic file (type jpg)

<use traffic_light_junction.jpg>
Package pdftex.def Info: traffic_light_junction.jpg used on input line 390.
(pdftex.def)             Requested size: 160.99864pt x 105.59262pt.


! LaTeX Error: There's no line here to end.

See the LaTeX manual or LaTeX Companion for explanation.
Type  H <return>  for immediate help.
 ...                                              
                                                  
l.396 I
       n proximity of give way intersections, on the other hand, vehicles ch...

Your command was ignored.
Type  I <command> <return>  to replace it with another command,
or  <return>  to continue without it.

<give_way_junction.jpg, id=54, 735.74875pt x 294.09875pt>
File: give_way_junction.jpg Graphic file (type jpg)

<use give_way_junction.jpg>
Package pdftex.def Info: give_way_junction.jpg used on input line 400.
(pdftex.def)             Requested size: 220.72632pt x 88.2303pt.

Underfull \hbox (badness 10000) in paragraph at lines 396--403

 []


! LaTeX Error: There's no line here to end.

See the LaTeX manual or LaTeX Companion for explanation.
Type  H <return>  for immediate help.
 ...                                              
                                                  
l.405 
      
Your command was ignored.
Type  I <command> <return>  to replace it with another command,
or  <return>  to continue without it.

[13 <C:/Users/NX900/git/team_SignalGreen/reports/traffic_light_junction.jpg> <C
:/Users/NX900/git/team_SignalGreen/reports/give_way_junction.jpg>] [14]
Underfull \hbox (badness 10000) in paragraph at lines 471--473

 []


Underfull \hbox (badness 10000) in paragraph at lines 474--476

 []


Underfull \hbox (badness 10000) in paragraph at lines 477--479

 []


Underfull \hbox (badness 10000) in paragraph at lines 487--489

 []

LaTeX Font Info:    External font `cmex10' loaded for size
(Font)              <10.95> on input line 492.

Underfull \hbox (badness 10000) in paragraph at lines 491--495

 []


Underfull \hbox (badness 10000) in paragraph at lines 502--507

 []


Underfull \hbox (badness 10000) in paragraph at lines 508--513

 []

[15]
Underfull \hbox (badness 10000) in paragraph at lines 527--532

 []

<junction.jpg, id=65, 144.54pt x 124.21407pt>
File: junction.jpg Graphic file (type jpg)
 <use junction.jpg>
Package pdftex.def Info: junction.jpg used on input line 535.
(pdftex.def)             Requested size: 144.53963pt x 124.21375pt.
 [16 <C:/Users/NX900/git/team_SignalGreen/reports/junction.jpg>]
<4cars.jpeg, id=69, 171.64125pt x 317.185pt>
File: 4cars.jpeg Graphic file (type jpg)
 <use 4cars.jpeg>
Package pdftex.def Info: 4cars.jpeg used on input line 562.
(pdftex.def)             Requested size: 137.31316pt x 253.74832pt.

<manhattan_section.jpg, id=70, 750.805pt x 715.67375pt>
File: manhattan_section.jpg Graphic file (type jpg)

<use manhattan_section.jpg>
Package pdftex.def Info: manhattan_section.jpg used on input line 581.
(pdftex.def)             Requested size: 225.24323pt x 214.70378pt.

Underfull \hbox (badness 10000) in paragraph at lines 574--585

 []


LaTeX Warning: `h' float specifier changed to `ht'.


Underfull \hbox (badness 10000) in paragraph at lines 589--592

 []

[17 <C:/Users/NX900/git/team_SignalGreen/reports/4cars.jpeg>]
<RoadNetwork.png, id=74, 246.1697pt x 140.02313pt>
File: RoadNetwork.png Graphic file (type png)
 <use RoadNetwork.png>
Package pdftex.def Info: RoadNetwork.png used on input line 596.
(pdftex.def)             Requested size: 172.3176pt x 98.01552pt.

<Sim.png, id=76, 238.64156pt x 225.84375pt>
File: Sim.png Graphic file (type png)
 <use Sim.png>
Package pdftex.def Info: Sim.png used on input line 597.
(pdftex.def)             Requested size: 238.64096pt x 225.84319pt.

Overfull \hbox (19.48111pt too wide) in paragraph at lines 592--598
$[]$ \T1/cmr/m/n/10.95 of next.printVehiclesQueue(origin):[signalGreen.Vehicle@
54008645,
 []


Overfull \hbox (31.15533pt too wide) in paragraph at lines 592--598
[] [] 
 []


Underfull \hbox (badness 10000) in paragraph at lines 592--598

 []

[18 <C:/Users/NX900/git/team_SignalGreen/reports/manhattan_section.jpg> <C:/Use
rs/NX900/git/team_SignalGreen/reports/RoadNetwork.png> <C:/Users/NX900/git/team
_SignalGreen/reports/Sim.png>] [19]
Underfull \hbox (badness 10000) in paragraph at lines 649--651

 []


Underfull \hbox (badness 10000) in paragraph at lines 651--653

 []


Underfull \hbox (badness 10000) in paragraph at lines 653--655

 []


Underfull \hbox (badness 10000) in paragraph at lines 655--657

 []


! LaTeX Error: There's no line here to end.

See the LaTeX manual or LaTeX Companion for explanation.
Type  H <return>  for immediate help.
 ...                                              
                                                  
l.660 
      
Your command was ignored.
Type  I <command> <return>  to replace it with another command,
or  <return>  to continue without it.

[20]
Underfull \hbox (badness 10000) in paragraph at lines 678--680

 []

<gantt8Feb.jpg, id=89, 478.78876pt x 385.44pt>
File: gantt8Feb.jpg Graphic file (type jpg)
 <use gantt8Feb.jpg>
Package pdftex.def Info: gantt8Feb.jpg used on input line 684.
(pdftex.def)             Requested size: 478.78758pt x 385.43906pt.

Overfull \hbox (51.99623pt too wide) in paragraph at lines 684--685
 [] 
 []


! LaTeX Error: There's no line here to end.

See the LaTeX manual or LaTeX Companion for explanation.
Type  H <return>  for immediate help.
 ...                                              
                                                  
l.690 
      
Your command was ignored.
Type  I <command> <return>  to replace it with another command,
or  <return>  to continue without it.

<gantt26Mar.jpg, id=90, 478.78876pt x 379.4175pt>
File: gantt26Mar.jpg Graphic file (type jpg)
 <use gantt26Mar.jpg>
Package pdftex.def Info: gantt26Mar.jpg used on input line 693.
(pdftex.def)             Requested size: 383.03152pt x 303.53441pt.


! LaTeX Error: There's no line here to end.

See the LaTeX manual or LaTeX Companion for explanation.
Type  H <return>  for immediate help.
 ...                                              
                                                  
l.700 W
       e completed tasks very much on schedule with what we planned at the b...

Your command was ignored.
Type  I <command> <return>  to replace it with another command,
or  <return>  to continue without it.

[21 <C:/Users/NX900/git/team_SignalGreen/reports/gantt8Feb.jpg>] [22 <C:/Users/
NX900/git/team_SignalGreen/reports/gantt26Mar.jpg>]
Underfull \hbox (badness 10000) in paragraph at lines 702--704

 []


Underfull \hbox (badness 10000) in paragraph at lines 772--774

 []


LaTeX Warning: Citation `4d' on page 23 undefined on input line 777.

[23]
No file final*report.bbl.
[24] ("C:\Users\NX900\git\team_SignalGreen\reports\final report.aux")

LaTeX Warning: There were undefined references.

 ) 
Here is how much of TeX's memory you used:
 2400 strings out of 493921
 33063 string characters out of 3147282
 91870 words of memory out of 3000000
 5675 multiletter control sequences out of 15000+200000
 12695 words of font info for 33 fonts, out of 3000000 for 9000
 841 hyphenation exceptions out of 8191
 27i,7n,29p,935b,527s stack positions out of 5000i,500n,10000p,200000b,50000s
{C:/Program Files/MiKTeX 2.9/fonts/enc/dvips/cm-super/cm-super-t1.enc}<C:/Pro
gram Files/MiKTeX 2.9/fonts/type1/public/amsfonts/cm/cmsy10.pfb><C:/Program Fil
es/MiKTeX 2.9/fonts/type1/public/cm-super/sfbx1095.pfb><C:/Program Files/MiKTeX
 2.9/fonts/type1/public/cm-super/sfbx1200.pfb><C:/Program Files/MiKTeX 2.9/font
s/type1/public/cm-super/sfbx1440.pfb><C:/Program Files/MiKTeX 2.9/fonts/type1/p
ublic/cm-super/sfrm1095.pfb><C:/Program Files/MiKTeX 2.9/fonts/type1/public/cm-
super/sfrm1200.pfb><C:/Program Files/MiKTeX 2.9/fonts/type1/public/cm-super/sfr
m1728.pfb>
Output written on "final report.pdf" (24 pages, 1142595 bytes).
PDF statistics:
 127 PDF objects out of 1000 (max. 8388607)
 0 named destinations out of 1000 (max. 500000)
 81 words of extra memory for PDF output out of 10000 (max. 10000000)

