2015-03-02 10:17:57,155 - ClasspathResourceLoader : initialization starting.
2015-03-02 10:17:57,155 - ClasspathResourceLoader : initialization complete.
2015-03-02 10:17:57,164 - ResourceCache : initialized. (class org.apache.velocity.runtime.resource.ResourceCacheImpl)
2015-03-02 10:17:57,164 - Default ResourceManager initialization complete.
2015-03-02 10:17:57,169 - Loaded System Directive: org.apache.velocity.runtime.directive.Literal
2015-03-02 10:17:57,176 - Loaded System Directive: org.apache.velocity.runtime.directive.Macro
2015-03-02 10:17:57,185 - Loaded System Directive: org.apache.velocity.runtime.directive.Parse
2015-03-02 10:17:57,193 - Loaded System Directive: org.apache.velocity.runtime.directive.Include
2015-03-02 10:17:57,195 - Loaded System Directive: org.apache.velocity.runtime.directive.Foreach
2015-03-02 10:17:57,250 - Created: 20 parsers.
2015-03-02 10:17:57,274 - Velocimacro : initialization starting.
2015-03-02 10:17:57,274 - Velocimacro : adding VMs from VM library template : VM_global_library.vm
2015-03-02 10:17:57,279 - ResourceManager : unable to find resource 'VM_global_library.vm' in any resource loader.
2015-03-02 10:17:57,279 - Velocimacro : error using  VM library template VM_global_library.vm : org.apache.velocity.exception.ResourceNotFoundException: Unable to find resource 'VM_global_library.vm'
2015-03-02 10:17:57,279 - Velocimacro :  VM library template macro registration complete.
2015-03-02 10:17:57,279 - Velocimacro : allowInline = true : VMs can be defined inline in templates
2015-03-02 10:17:57,279 - Velocimacro : allowInlineToOverride = false : VMs defined inline may NOT replace previous VM definitions
2015-03-02 10:17:57,279 - Velocimacro : allowInlineLocal = false : VMs defined inline will be  global in scope if allowed.
2015-03-02 10:17:57,279 - Velocimacro : messages on  : VM system will output logging messages
2015-03-02 10:17:57,279 - Velocimacro : autoload off  : VM system will not automatically reload global library macros
2015-03-02 10:17:57,279 - Velocimacro : initialization complete.
2015-03-02 10:17:57,279 - Velocity successfully started.
